<?xml version="1.0" encoding="UTF-8"?>
<!-- Generated by org.testng.reporters.JUnitXMLReporter -->
<testsuite ignored="0" hostname="LTIN193716" failures="0" tests="18" name="Default test" time="0.29" errors="0" timestamp="2024-02-29T17:38:50 IST">
  <testcase classname="TestCases.Tc001_EmiCalculator" name="@BeforeClass initiateDriver" time="-1.709208529673E9">
    <failure type="org.testng.TestNGException" message="
Parameter &amp;apos;browser&amp;apos; is required by BeforeClass on method initiateDriver but has not been marked @Optional or defined
in C:\Users\2303810\AppData\Local\Temp\1\testng-eclipse--316865988\testng-customsuite.xml">
      <![CDATA[org.testng.TestNGException: 
Parameter 'browser' is required by BeforeClass on method initiateDriver but has not been marked @Optional or defined
in C:\Users\2303810\AppData\Local\Temp\1\testng-eclipse--316865988\testng-customsuite.xml
at org.testng.internal.Parameters.createParams(Parameters.java:270)
at org.testng.internal.Parameters.createParametersForMethod(Parameters.java:358)
at org.testng.internal.Parameters.createParameters(Parameters.java:700)
at org.testng.internal.Parameters.createConfigurationParameters(Parameters.java:168)
at org.testng.internal.ConfigInvoker.invokeConfigurations(ConfigInvoker.java:302)
at org.testng.internal.TestMethodWorker.invokeBeforeClassMethods(TestMethodWorker.java:176)
at org.testng.internal.TestMethodWorker.run(TestMethodWorker.java:122)
at java.base/java.util.ArrayList.forEach(ArrayList.java:1511)
at org.testng.TestRunner.privateRun(TestRunner.java:794)
at org.testng.TestRunner.run(TestRunner.java:596)
at org.testng.SuiteRunner.runTest(SuiteRunner.java:377)
at org.testng.SuiteRunner.runSequentially(SuiteRunner.java:371)
at org.testng.SuiteRunner.privateRun(SuiteRunner.java:332)
at org.testng.SuiteRunner.run(SuiteRunner.java:276)
at org.testng.SuiteRunnerWorker.runSuite(SuiteRunnerWorker.java:53)
at org.testng.SuiteRunnerWorker.run(SuiteRunnerWorker.java:96)
at org.testng.TestNG.runSuitesSequentially(TestNG.java:1212)
at org.testng.TestNG.runSuitesLocally(TestNG.java:1134)
at org.testng.TestNG.runSuites(TestNG.java:1063)
at org.testng.TestNG.run(TestNG.java:1031)
at org.testng.remote.AbstractRemoteTestNG.run(AbstractRemoteTestNG.java:115)
at org.testng.remote.RemoteTestNG.initAndRun(RemoteTestNG.java:251)
at org.testng.remote.RemoteTestNG.main(RemoteTestNG.java:77)
]]>
    </failure>
  </testcase> <!-- @BeforeClass initiateDriver -->
  <testcase classname="TestCases.Tc001_EmiCalculator" name="@AfterClass closeDriver" time="-1.70920852988E9">
    <skipped/>
  </testcase> <!-- @AfterClass closeDriver -->
  <testcase classname="TestCases.Tc001_EmiCalculator" name="carLoanCalculator" time="0.0">
    <skipped/>
  </testcase> <!-- carLoanCalculator -->
  <testcase classname="TestCases.Tc001_EmiCalculator" name="inputCarLoanData" time="0.0">
    <skipped/>
  </testcase> <!-- inputCarLoanData -->
  <testcase classname="TestCases.Tc001_EmiCalculator" name="verifyCarLoanElements" time="0.0">
    <skipped/>
  </testcase> <!-- verifyCarLoanElements -->
  <testcase classname="TestCases.Tc001_EmiCalculator" name="printCarEmiData" time="0.0">
    <skipped/>
  </testcase> <!-- printCarEmiData -->
  <testcase classname="TestCases.Tc001_EmiCalculator" name="verifyCarLoanResults" time="0.0">
    <skipped/>
  </testcase> <!-- verifyCarLoanResults -->
  <testcase classname="TestCases.Tc001_EmiCalculator" name="validateCarLoanResults" time="0.0">
    <skipped/>
  </testcase> <!-- validateCarLoanResults -->
  <testcase classname="TestCases.Tc001_EmiCalculator" name="homeLoanCalculator" time="0.0">
    <skipped/>
  </testcase> <!-- homeLoanCalculator -->
  <testcase classname="TestCases.Tc001_EmiCalculator" name="verifyHomeLoanElements" time="0.0">
    <skipped/>
  </testcase> <!-- verifyHomeLoanElements -->
  <testcase classname="TestCases.Tc001_EmiCalculator" name="printHomeEmiData" time="0.0">
    <skipped/>
  </testcase> <!-- printHomeEmiData -->
  <testcase classname="TestCases.Tc001_EmiCalculator" name="loanCalculator" time="0.0">
    <skipped/>
  </testcase> <!-- loanCalculator -->
  <testcase classname="TestCases.Tc001_EmiCalculator" name="verifyLoanEmiCalcElements" time="0.0">
    <skipped/>
  </testcase> <!-- verifyLoanEmiCalcElements -->
  <testcase classname="TestCases.Tc001_EmiCalculator" name="loanEmiCalcUICheck" time="0.0">
    <skipped/>
  </testcase> <!-- loanEmiCalcUICheck -->
  <testcase classname="TestCases.Tc001_EmiCalculator" name="clickLoanAMTCalculator" time="0.0">
    <skipped/>
  </testcase> <!-- clickLoanAMTCalculator -->
  <testcase classname="TestCases.Tc001_EmiCalculator" name="verifyLoanAMTCalcElements" time="0.0">
    <skipped/>
  </testcase> <!-- verifyLoanAMTCalcElements -->
  <testcase classname="TestCases.Tc001_EmiCalculator" name="loanAmountCalcUICheck" time="0.0">
    <skipped/>
  </testcase> <!-- loanAmountCalcUICheck -->
  <testcase classname="TestCases.Tc001_EmiCalculator" name="clickLoanTenureCalculator" time="0.0">
    <skipped/>
  </testcase> <!-- clickLoanTenureCalculator -->
  <testcase classname="TestCases.Tc001_EmiCalculator" name="verifyLoanTenureCalcElements" time="0.0">
    <skipped/>
  </testcase> <!-- verifyLoanTenureCalcElements -->
  <testcase classname="TestCases.Tc001_EmiCalculator" name="loanTenureCalcUICheck" time="0.0">
    <skipped/>
  </testcase> <!-- loanTenureCalcUICheck -->
</testsuite> <!-- Default test -->
